<?xml version="1.0" encoding="UTF-8"?>
<!-- Generated by org.testng.reporters.JUnitReportReporter -->
<testsuite skipped="0" hostname="VDUDDUKU-L470" name="testRunner.RunCukeTest" tests="3" failures="0" timestamp="2020-05-20T15:13:51 IST" time="267.812" errors="0">
  <testcase name="feature" time="76.058" classname="testRunner.RunCukeTest"/>
  <system-out/>
  <testcase name="feature" time="93.671" classname="testRunner.RunCukeTest"/>
  <system-out/>
  <testcase name="feature" time="98.083" classname="testRunner.RunCukeTest"/>
  <system-out/>
</testsuite> <!-- testRunner.RunCukeTest -->
